c:\users\jonat\onedrive\desktop\test drivers\pilot\x64\debug\vc143.pdb
c:\users\jonat\onedrive\desktop\test drivers\pilot\x64\debug\queue.obj
c:\users\jonat\onedrive\desktop\test drivers\pilot\x64\debug\driver.obj
c:\users\jonat\onedrive\desktop\test drivers\pilot\x64\debug\device.obj
c:\users\jonat\onedrive\desktop\test drivers\pilot\x64\debug\pilot.sys
c:\users\jonat\onedrive\desktop\test drivers\pilot\x64\debug\pilot.pdb
c:\users\jonat\onedrive\desktop\test drivers\pilot\x64\debug\pilot.inf
c:\users\jonat\onedrive\desktop\test drivers\pilot\x64\debug\device.tmh
c:\users\jonat\onedrive\desktop\test drivers\pilot\x64\debug\driver.tmh
c:\users\jonat\onedrive\desktop\test drivers\pilot\x64\debug\queue.tmh
c:\users\jonat\onedrive\desktop\driversgit\pilot\x64\debug\device.obj
c:\users\jonat\onedrive\desktop\driversgit\pilot\x64\debug\driver.obj
c:\users\jonat\onedrive\desktop\driversgit\pilot\x64\debug\queue.obj
c:\users\jonat\onedrive\desktop\driversgit\pilot\x64\debug\vc143.pdb
c:\users\jonat\onedrive\desktop\driversgit\pilot\x64\debug\pilot.tlog\cl.command.1.tlog
c:\users\jonat\onedrive\desktop\driversgit\pilot\x64\debug\pilot.tlog\cl.read.1.tlog
c:\users\jonat\onedrive\desktop\driversgit\pilot\x64\debug\pilot.tlog\cl.write.1.tlog
c:\users\jonat\onedrive\desktop\driversgit\pilot\x64\debug\pilot.tlog\link.command.1.tlog
c:\users\jonat\onedrive\desktop\driversgit\pilot\x64\debug\pilot.tlog\link.read.1.tlog
c:\users\jonat\onedrive\desktop\driversgit\pilot\x64\debug\pilot.tlog\link.secondary.1.tlog
c:\users\jonat\onedrive\desktop\driversgit\pilot\x64\debug\pilot.tlog\link.write.1.tlog
c:\users\jonat\onedrive\desktop\driversgit\pilot\x64\debug\pilot.tlog\stampinf.command.1.tlog
c:\users\jonat\onedrive\desktop\driversgit\pilot\x64\debug\pilot.tlog\stampinf.read.1.tlog
c:\users\jonat\onedrive\desktop\driversgit\pilot\x64\debug\pilot.tlog\stampinf.write.1.tlog
c:\users\jonat\onedrive\desktop\driversgit\pilot\x64\debug\pilot.tlog\tracewpp.command.1.tlog
c:\users\jonat\onedrive\desktop\driversgit\pilot\x64\debug\pilot.tlog\tracewpp.read.1.tlog
c:\users\jonat\onedrive\desktop\driversgit\pilot\x64\debug\pilot.tlog\tracewpp.write.1.tlog
